# JRE version: OpenJDK Runtime Environment 18.9 (11.0.11+9) (build 11.0.11+9)
# Java VM: OpenJDK 64-Bit Server VM 18.9 (11.0.11+9, mixed mode, tiered, compressed oops, g1 gc, windows-amd64)
Heap:
 garbage-first heap   total 262144K, used 126178K [0x0000000740000000, 0x0000000800000000)
  region size 1024K, 41 young (41984K), 3 survivors (3072K)
 Metaspace       used 91917K, capacity 94461K, committed 94544K, reserved 1130496K
  class space    used 12006K, capacity 13153K, committed 13184K, reserved 1048576K
GC Heap History (20 events):
Event: 380.609 GC heap before
{Heap before GC invocations=82 (full 18):
 garbage-first heap   total 262144K, used 146996K [0x0000000740000000, 0x0000000800000000)
  region size 1024K, 60 young (61440K), 2 survivors (2048K)
 Metaspace       used 90869K, capacity 93111K, committed 93264K, reserved 1130496K
  class space    used 11850K, capacity 12863K, committed 12928K, reserved 1048576K
}
Event: 380.618 GC heap after
{Heap after GC invocations=83 (full 18):
 garbage-first heap   total 262144K, used 87069K [0x0000000740000000, 0x0000000800000000)
  region size 1024K, 2 young (2048K), 2 survivors (2048K)
 Metaspace       used 90869K, capacity 93111K, committed 93264K, reserved 1130496K
  class space    used 11850K, capacity 12863K, committed 12928K, reserved 1048576K
}
Event: 509.875 GC heap before
{Heap before GC invocations=83 (full 18):
 garbage-first heap   total 262144K, used 146461K [0x0000000740000000, 0x0000000800000000)
  region size 1024K, 60 young (61440K), 2 survivors (2048K)
 Metaspace       used 91003K, capacity 93293K, committed 93520K, reserved 1130496K
  class space    used 11884K, capacity 12928K, committed 12928K, reserved 1048576K
}
Event: 509.884 GC heap after
{Heap after GC invocations=84 (full 18):
 garbage-first heap   total 262144K, used 87475K [0x0000000740000000, 0x0000000800000000)
  region size 1024K, 2 young (2048K), 2 survivors (2048K)
 Metaspace       used 91003K, capacity 93293K, committed 93520K, reserved 1130496K
  class space    used 11884K, capacity 12928K, committed 12928K, reserved 1048576K
}
Event: 622.167 GC heap before
{Heap before GC invocations=84 (full 18):
 garbage-first heap   total 262144K, used 146867K [0x0000000740000000, 0x0000000800000000)
  region size 1024K, 60 young (61440K), 2 survivors (2048K)
 Metaspace       used 91037K, capacity 93357K, committed 93520K, reserved 1130496K
  class space    used 11884K, capacity 12928K, committed 12928K, reserved 1048576K
}
Event: 622.176 GC heap after
{Heap after GC invocations=85 (full 18):
 garbage-first heap   total 262144K, used 87448K [0x0000000740000000, 0x0000000800000000)
  region size 1024K, 2 young (2048K), 2 survivors (2048K)
 Metaspace       used 91037K, capacity 93357K, committed 93520K, reserved 1130496K
  class space    used 11884K, capacity 12928K, committed 12928K, reserved 1048576K
}
Event: 790.435 GC heap before
{Heap before GC invocations=85 (full 18):
 garbage-first heap   total 262144K, used 146840K [0x0000000740000000, 0x0000000800000000)
  region size 1024K, 60 young (61440K), 2 survivors (2048K)
 Metaspace       used 91056K, capacity 93357K, committed 93520K, reserved 1130496K
  class space    used 11884K, capacity 12928K, committed 12928K, reserved 1048576K
}
Event: 790.441 GC heap after
{Heap after GC invocations=86 (full 18):
 garbage-first heap   total 262144K, used 87648K [0x0000000740000000, 0x0000000800000000)
  region size 1024K, 2 young (2048K), 2 survivors (2048K)
 Metaspace       used 91056K, capacity 93357K, committed 93520K, reserved 1130496K
  class space    used 11884K, capacity 12928K, committed 12928K, reserved 1048576K
}
Event: 956.177 GC heap before
{Heap before GC invocations=86 (full 18):
 garbage-first heap   total 262144K, used 147040K [0x0000000740000000, 0x0000000800000000)
  region size 1024K, 60 young (61440K), 2 survivors (2048K)
 Metaspace       used 91073K, capacity 93357K, committed 93520K, reserved 1130496K
  class space    used 11884K, capacity 12928K, committed 12928K, reserved 1048576K
}
Event: 956.188 GC heap after
{Heap after GC invocations=87 (full 18):
 garbage-first heap   total 262144K, used 87591K [0x0000000740000000, 0x0000000800000000)
  region size 1024K, 2 young (2048K), 2 survivors (2048K)
 Metaspace       used 91073K, capacity 93357K, committed 93520K, reserved 1130496K
  class space    used 11884K, capacity 12928K, committed 12928K, reserved 1048576K
}
Event: 1011.302 GC heap before
{Heap before GC invocations=87 (full 18):
 garbage-first heap   total 262144K, used 146983K [0x0000000740000000, 0x0000000800000000)
  region size 1024K, 60 young (61440K), 2 survivors (2048K)
 Metaspace       used 91447K, capacity 93931K, committed 94288K, reserved 1130496K
  class space    used 11970K, capacity 13081K, committed 13184K, reserved 1048576K
}
Event: 1011.314 GC heap after
{Heap after GC invocations=88 (full 18):
 garbage-first heap   total 262144K, used 87806K [0x0000000740000000, 0x0000000800000000)
  region size 1024K, 2 young (2048K), 2 survivors (2048K)
 Metaspace       used 91447K, capacity 93931K, committed 94288K, reserved 1130496K
  class space    used 11970K, capacity 13081K, committed 13184K, reserved 1048576K
}
Event: 1015.848 GC heap before
{Heap before GC invocations=88 (full 18):
 garbage-first heap   total 262144K, used 147198K [0x0000000740000000, 0x0000000800000000)
  region size 1024K, 60 young (61440K), 2 survivors (2048K)
 Metaspace       used 91699K, capacity 94193K, committed 94288K, reserved 1130496K
  class space    used 11994K, capacity 13149K, committed 13184K, reserved 1048576K
}
Event: 1015.860 GC heap after
{Heap after GC invocations=89 (full 18):
 garbage-first heap   total 262144K, used 88071K [0x0000000740000000, 0x0000000800000000)
  region size 1024K, 3 young (3072K), 3 survivors (3072K)
 Metaspace       used 91699K, capacity 94193K, committed 94288K, reserved 1130496K
  class space    used 11994K, capacity 13149K, committed 13184K, reserved 1048576K
}
Event: 1019.625 GC heap before
{Heap before GC invocations=89 (full 18):
 garbage-first heap   total 262144K, used 146439K [0x0000000740000000, 0x0000000800000000)
  region size 1024K, 60 young (61440K), 3 survivors (3072K)
 Metaspace       used 91783K, capacity 94326K, committed 94544K, reserved 1130496K
  class space    used 11995K, capacity 13151K, committed 13184K, reserved 1048576K
}
Event: 1019.635 GC heap after
{Heap after GC invocations=90 (full 18):
 garbage-first heap   total 262144K, used 88186K [0x0000000740000000, 0x0000000800000000)
  region size 1024K, 3 young (3072K), 3 survivors (3072K)
 Metaspace       used 91783K, capacity 94326K, committed 94544K, reserved 1130496K
  class space    used 11995K, capacity 13151K, committed 13184K, reserved 1048576K
}
Event: 1025.263 GC heap before
{Heap before GC invocations=90 (full 18):
 garbage-first heap   total 262144K, used 146554K [0x0000000740000000, 0x0000000800000000)
  region size 1024K, 60 young (61440K), 3 survivors (3072K)
 Metaspace       used 91823K, capacity 94391K, committed 94544K, reserved 1130496K
  class space    used 11995K, capacity 13151K, committed 13184K, reserved 1048576K
}
Event: 1025.270 GC heap after
{Heap after GC invocations=91 (full 18):
 garbage-first heap   total 262144K, used 88217K [0x0000000740000000, 0x0000000800000000)
  region size 1024K, 3 young (3072K), 3 survivors (3072K)
 Metaspace       used 91823K, capacity 94391K, committed 94544K, reserved 1130496K
  class space    used 11995K, capacity 13151K, committed 13184K, reserved 1048576K
}
Event: 1029.522 GC heap before
{Heap before GC invocations=91 (full 18):
 garbage-first heap   total 262144K, used 146585K [0x0000000740000000, 0x0000000800000000)
  region size 1024K, 60 young (61440K), 3 survivors (3072K)
 Metaspace       used 91892K, capacity 94397K, committed 94544K, reserved 1130496K
  class space    used 11998K, capacity 13153K, committed 13184K, reserved 1048576K
}
Event: 1029.531 GC heap after
{Heap after GC invocations=92 (full 18):
 garbage-first heap   total 262144K, used 88290K [0x0000000740000000, 0x0000000800000000)
  region size 1024K, 3 young (3072K), 3 survivors (3072K)
 Metaspace       used 91892K, capacity 94397K, committed 94544K, reserved 1130496K
  class space    used 11998K, capacity 13153K, committed 13184K, reserved 1048576K
}

